[ 2016-05-21T12:50:09+08:00 ] ::1 /shop/index.php/holder.js/200x200
INFO: [ app_init ] --START--
INFO: Run Behavior\BuildLiteBehavior [ RunTime:0.000020s ]
INFO: [ app_init ] --END-- [ RunTime:0.000365s ]
ERR: 无法加载模块:Holder.js

[ 2016-05-21T12:50:09+08:00 ] ::1 /shop/index.php/holder.js/200x200
INFO: [ app_init ] --START--
INFO: Run Behavior\BuildLiteBehavior [ RunTime:0.000019s ]
INFO: [ app_init ] --END-- [ RunTime:0.000336s ]
ERR: 无法加载模块:Holder.js

[ 2016-05-21T15:24:32+08:00 ] ::1 /shop/index.php/holder.js/200x200
INFO: [ app_init ] --START--
INFO: Run Behavior\BuildLiteBehavior [ RunTime:0.000020s ]
INFO: [ app_init ] --END-- [ RunTime:0.000382s ]
ERR: 无法加载模块:Holder.js

[ 2016-05-21T15:24:33+08:00 ] ::1 /shop/index.php/holder.js/200x200
INFO: [ app_init ] --START--
INFO: Run Behavior\BuildLiteBehavior [ RunTime:0.000020s ]
INFO: [ app_init ] --END-- [ RunTime:0.000476s ]
ERR: 无法加载模块:Holder.js

[ 2016-05-21T15:30:17+08:00 ] ::1 /shop/index.php/holder.js/200x200
INFO: [ app_init ] --START--
INFO: Run Behavior\BuildLiteBehavior [ RunTime:0.000022s ]
INFO: [ app_init ] --END-- [ RunTime:0.000532s ]
ERR: 无法加载模块:Holder.js

[ 2016-05-21T15:30:17+08:00 ] ::1 /shop/index.php/holder.js/200x200
INFO: [ app_init ] --START--
INFO: Run Behavior\BuildLiteBehavior [ RunTime:0.000020s ]
INFO: [ app_init ] --END-- [ RunTime:0.000436s ]
ERR: 无法加载模块:Holder.js

[ 2016-05-21T15:30:30+08:00 ] ::1 /shop/index.php/holder.js/200x200
INFO: [ app_init ] --START--
INFO: Run Behavior\BuildLiteBehavior [ RunTime:0.000019s ]
INFO: [ app_init ] --END-- [ RunTime:0.000383s ]
ERR: 无法加载模块:Holder.js

[ 2016-05-21T15:30:30+08:00 ] ::1 /shop/index.php/holder.js/200x200
INFO: [ app_init ] --START--
INFO: Run Behavior\BuildLiteBehavior [ RunTime:0.000023s ]
INFO: [ app_init ] --END-- [ RunTime:0.000696s ]
ERR: 无法加载模块:Holder.js

[ 2016-05-21T15:30:48+08:00 ] ::1 /shop/index.php/holder.js/200x200
INFO: [ app_init ] --START--
INFO: Run Behavior\BuildLiteBehavior [ RunTime:0.000019s ]
INFO: [ app_init ] --END-- [ RunTime:0.000483s ]
ERR: 无法加载模块:Holder.js

[ 2016-05-21T15:30:48+08:00 ] ::1 /shop/index.php/holder.js/200x200
INFO: [ app_init ] --START--
INFO: Run Behavior\BuildLiteBehavior [ RunTime:0.000019s ]
INFO: [ app_init ] --END-- [ RunTime:0.000377s ]
ERR: 无法加载模块:Holder.js

[ 2016-05-21T15:31:12+08:00 ] ::1 /shop/index.php/holder.js/200x200
INFO: [ app_init ] --START--
INFO: Run Behavior\BuildLiteBehavior [ RunTime:0.000036s ]
INFO: [ app_init ] --END-- [ RunTime:0.000378s ]
ERR: 无法加载模块:Holder.js

[ 2016-05-21T15:31:12+08:00 ] ::1 /shop/index.php/holder.js/200x200
INFO: [ app_init ] --START--
INFO: Run Behavior\BuildLiteBehavior [ RunTime:0.000021s ]
INFO: [ app_init ] --END-- [ RunTime:0.000447s ]
ERR: 无法加载模块:Holder.js

[ 2016-05-21T15:31:43+08:00 ] ::1 /shop/index.php/holder.js/200x200
INFO: [ app_init ] --START--
INFO: Run Behavior\BuildLiteBehavior [ RunTime:0.000018s ]
INFO: [ app_init ] --END-- [ RunTime:0.000352s ]
ERR: 无法加载模块:Holder.js

[ 2016-05-21T15:31:43+08:00 ] ::1 /shop/index.php/holder.js/200x200
INFO: [ app_init ] --START--
INFO: Run Behavior\BuildLiteBehavior [ RunTime:0.000023s ]
INFO: [ app_init ] --END-- [ RunTime:0.000692s ]
ERR: 无法加载模块:Holder.js

[ 2016-05-21T15:31:49+08:00 ] ::1 /shop/index.php/holder.js/200x200
INFO: [ app_init ] --START--
INFO: Run Behavior\BuildLiteBehavior [ RunTime:0.000018s ]
INFO: [ app_init ] --END-- [ RunTime:0.000358s ]
ERR: 无法加载模块:Holder.js

[ 2016-05-21T15:31:50+08:00 ] ::1 /shop/index.php/holder.js/200x200
INFO: [ app_init ] --START--
INFO: Run Behavior\BuildLiteBehavior [ RunTime:0.000021s ]
INFO: [ app_init ] --END-- [ RunTime:0.000463s ]
ERR: 无法加载模块:Holder.js

[ 2016-05-21T15:31:59+08:00 ] ::1 /shop/index.php/holder.js/200x200
INFO: [ app_init ] --START--
INFO: Run Behavior\BuildLiteBehavior [ RunTime:0.000018s ]
INFO: [ app_init ] --END-- [ RunTime:0.000344s ]
ERR: 无法加载模块:Holder.js

[ 2016-05-21T15:32:00+08:00 ] ::1 /shop/index.php/holder.js/200x200
INFO: [ app_init ] --START--
INFO: Run Behavior\BuildLiteBehavior [ RunTime:0.000033s ]
INFO: [ app_init ] --END-- [ RunTime:0.000930s ]
ERR: 无法加载模块:Holder.js

