[ 2016-05-22T10:20:39+08:00 ] ::1 /shop/index.php/admin/
INFO: [ app_init ] --START--
INFO: Run Behavior\BuildLiteBehavior [ RunTime:0.000017s ]
INFO: [ app_init ] --END-- [ RunTime:0.000335s ]
INFO: [ app_begin ] --START--
INFO: Run Behavior\ReadHtmlCacheBehavior [ RunTime:0.000485s ]
INFO: [ app_begin ] --END-- [ RunTime:0.000565s ]
INFO: [ view_parse ] --START--
INFO: [ template_filter ] --START--
INFO: Run Behavior\ContentReplaceBehavior [ RunTime:0.000062s ]
INFO: [ template_filter ] --END-- [ RunTime:0.000137s ]
INFO: Run Behavior\ParseTemplateBehavior [ RunTime:0.068901s ]
INFO: [ view_parse ] --END-- [ RunTime:0.069004s ]
INFO: [ view_filter ] --START--
INFO: Run Behavior\WriteHtmlCacheBehavior [ RunTime:0.000256s ]
INFO: [ view_filter ] --END-- [ RunTime:0.000310s ]
INFO: [ app_end ] --START--
INFO: Run Behavior\ShowPageTraceBehavior [ RunTime:0.000460s ]
INFO: [ app_end ] --END-- [ RunTime:0.000516s ]

[ 2016-05-22T10:21:45+08:00 ] ::1 /shop/index.php/Admin/Index/nav
INFO: [ app_init ] --START--
INFO: Run Behavior\BuildLiteBehavior [ RunTime:0.000017s ]
INFO: [ app_init ] --END-- [ RunTime:0.000333s ]
INFO: [ app_begin ] --START--
INFO: Run Behavior\ReadHtmlCacheBehavior [ RunTime:0.000438s ]
INFO: [ app_begin ] --END-- [ RunTime:0.000500s ]
SQL: SHOW COLUMNS FROM `nav` [ RunTime:0.0157s ]
SQL: SELECT `name` FROM `nav` WHERE ( is_index=1 ) ORDER BY addtime desc LIMIT 8   [ RunTime:0.0004s ]
SQL: SELECT * FROM `nav` ORDER BY addtime  [ RunTime:0.0004s ]
INFO: [ view_parse ] --START--
INFO: [ template_filter ] --START--
INFO: Run Behavior\ContentReplaceBehavior [ RunTime:0.000134s ]
INFO: [ template_filter ] --END-- [ RunTime:0.000259s ]
NOTIC: [8] Use of undefined constant is_index - assumed 'is_index' E:\www\lyj_php\shop\Runtime\Cache\Admin\bca5c61416bdf4e6bdb18cbc73c0edbd.php 第 105 行.
NOTIC: [8] Use of undefined constant is_index - assumed 'is_index' E:\www\lyj_php\shop\Runtime\Cache\Admin\bca5c61416bdf4e6bdb18cbc73c0edbd.php 第 106 行.
NOTIC: [8] Use of undefined constant is_index - assumed 'is_index' E:\www\lyj_php\shop\Runtime\Cache\Admin\bca5c61416bdf4e6bdb18cbc73c0edbd.php 第 105 行.
NOTIC: [8] Use of undefined constant is_index - assumed 'is_index' E:\www\lyj_php\shop\Runtime\Cache\Admin\bca5c61416bdf4e6bdb18cbc73c0edbd.php 第 106 行.
NOTIC: [8] Use of undefined constant is_index - assumed 'is_index' E:\www\lyj_php\shop\Runtime\Cache\Admin\bca5c61416bdf4e6bdb18cbc73c0edbd.php 第 105 行.
NOTIC: [8] Use of undefined constant is_index - assumed 'is_index' E:\www\lyj_php\shop\Runtime\Cache\Admin\bca5c61416bdf4e6bdb18cbc73c0edbd.php 第 106 行.
NOTIC: [8] Use of undefined constant is_index - assumed 'is_index' E:\www\lyj_php\shop\Runtime\Cache\Admin\bca5c61416bdf4e6bdb18cbc73c0edbd.php 第 105 行.
NOTIC: [8] Use of undefined constant is_index - assumed 'is_index' E:\www\lyj_php\shop\Runtime\Cache\Admin\bca5c61416bdf4e6bdb18cbc73c0edbd.php 第 106 行.
NOTIC: [8] Use of undefined constant is_index - assumed 'is_index' E:\www\lyj_php\shop\Runtime\Cache\Admin\bca5c61416bdf4e6bdb18cbc73c0edbd.php 第 105 行.
NOTIC: [8] Use of undefined constant is_index - assumed 'is_index' E:\www\lyj_php\shop\Runtime\Cache\Admin\bca5c61416bdf4e6bdb18cbc73c0edbd.php 第 106 行.
INFO: Run Behavior\ParseTemplateBehavior [ RunTime:0.050871s ]
INFO: [ view_parse ] --END-- [ RunTime:0.050986s ]
INFO: [ view_filter ] --START--
INFO: Run Behavior\WriteHtmlCacheBehavior [ RunTime:0.000415s ]
INFO: [ view_filter ] --END-- [ RunTime:0.000510s ]
INFO: [ app_end ] --START--
INFO: Run Behavior\ShowPageTraceBehavior [ RunTime:0.001022s ]
INFO: [ app_end ] --END-- [ RunTime:0.001145s ]

[ 2016-05-22T10:29:23+08:00 ] ::1 /shop/index.php/Admin/Index/nav
INFO: [ app_init ] --START--
INFO: Run Behavior\BuildLiteBehavior [ RunTime:0.000018s ]
INFO: [ app_init ] --END-- [ RunTime:0.000385s ]
INFO: [ app_begin ] --START--
INFO: Run Behavior\ReadHtmlCacheBehavior [ RunTime:0.000650s ]
INFO: [ app_begin ] --END-- [ RunTime:0.000715s ]
SQL: SHOW COLUMNS FROM `nav` [ RunTime:0.0660s ]
SQL: SELECT `name` FROM `nav` WHERE ( is_index=1 ) ORDER BY addtime desc LIMIT 8   [ RunTime:0.0003s ]
SQL: SELECT * FROM `nav` ORDER BY addtime  [ RunTime:0.0002s ]
INFO: [ view_parse ] --START--
INFO: [ template_filter ] --START--
INFO: Run Behavior\ContentReplaceBehavior [ RunTime:0.000291s ]
INFO: [ template_filter ] --END-- [ RunTime:0.000402s ]
NOTIC: [8] Use of undefined constant is_index - assumed 'is_index' E:\www\lyj_php\shop\Runtime\Cache\Admin\bca5c61416bdf4e6bdb18cbc73c0edbd.php 第 105 行.
NOTIC: [8] Use of undefined constant is_index - assumed 'is_index' E:\www\lyj_php\shop\Runtime\Cache\Admin\bca5c61416bdf4e6bdb18cbc73c0edbd.php 第 106 行.
NOTIC: [8] Use of undefined constant is_index - assumed 'is_index' E:\www\lyj_php\shop\Runtime\Cache\Admin\bca5c61416bdf4e6bdb18cbc73c0edbd.php 第 105 行.
NOTIC: [8] Use of undefined constant is_index - assumed 'is_index' E:\www\lyj_php\shop\Runtime\Cache\Admin\bca5c61416bdf4e6bdb18cbc73c0edbd.php 第 106 行.
NOTIC: [8] Use of undefined constant is_index - assumed 'is_index' E:\www\lyj_php\shop\Runtime\Cache\Admin\bca5c61416bdf4e6bdb18cbc73c0edbd.php 第 105 行.
NOTIC: [8] Use of undefined constant is_index - assumed 'is_index' E:\www\lyj_php\shop\Runtime\Cache\Admin\bca5c61416bdf4e6bdb18cbc73c0edbd.php 第 106 行.
NOTIC: [8] Use of undefined constant is_index - assumed 'is_index' E:\www\lyj_php\shop\Runtime\Cache\Admin\bca5c61416bdf4e6bdb18cbc73c0edbd.php 第 105 行.
NOTIC: [8] Use of undefined constant is_index - assumed 'is_index' E:\www\lyj_php\shop\Runtime\Cache\Admin\bca5c61416bdf4e6bdb18cbc73c0edbd.php 第 106 行.
NOTIC: [8] Use of undefined constant is_index - assumed 'is_index' E:\www\lyj_php\shop\Runtime\Cache\Admin\bca5c61416bdf4e6bdb18cbc73c0edbd.php 第 105 行.
NOTIC: [8] Use of undefined constant is_index - assumed 'is_index' E:\www\lyj_php\shop\Runtime\Cache\Admin\bca5c61416bdf4e6bdb18cbc73c0edbd.php 第 106 行.
INFO: Run Behavior\ParseTemplateBehavior [ RunTime:0.011934s ]
INFO: [ view_parse ] --END-- [ RunTime:0.012003s ]
INFO: [ view_filter ] --START--
INFO: Run Behavior\WriteHtmlCacheBehavior [ RunTime:0.000425s ]
INFO: [ view_filter ] --END-- [ RunTime:0.000479s ]
INFO: [ app_end ] --START--
INFO: Run Behavior\ShowPageTraceBehavior [ RunTime:0.003769s ]
INFO: [ app_end ] --END-- [ RunTime:0.003888s ]

[ 2016-05-22T10:29:27+08:00 ] ::1 /shop/index.php/Admin/Index/nav
INFO: [ app_init ] --START--
INFO: Run Behavior\BuildLiteBehavior [ RunTime:0.000020s ]
INFO: [ app_init ] --END-- [ RunTime:0.000414s ]
INFO: [ app_begin ] --START--
INFO: Run Behavior\ReadHtmlCacheBehavior [ RunTime:0.000655s ]
INFO: [ app_begin ] --END-- [ RunTime:0.000739s ]
SQL: SHOW COLUMNS FROM `nav` [ RunTime:0.0055s ]
SQL: SELECT `name` FROM `nav` WHERE ( is_index=1 ) ORDER BY addtime desc LIMIT 8   [ RunTime:0.0008s ]
SQL: SELECT * FROM `nav` ORDER BY addtime  [ RunTime:0.0006s ]
INFO: [ view_parse ] --START--
INFO: [ template_filter ] --START--
INFO: Run Behavior\ContentReplaceBehavior [ RunTime:0.000138s ]
INFO: [ template_filter ] --END-- [ RunTime:0.000283s ]
NOTIC: [8] Use of undefined constant is_index - assumed 'is_index' E:\www\lyj_php\shop\Runtime\Cache\Admin\bca5c61416bdf4e6bdb18cbc73c0edbd.php 第 105 行.
NOTIC: [8] Use of undefined constant is_index - assumed 'is_index' E:\www\lyj_php\shop\Runtime\Cache\Admin\bca5c61416bdf4e6bdb18cbc73c0edbd.php 第 106 行.
NOTIC: [8] Use of undefined constant is_index - assumed 'is_index' E:\www\lyj_php\shop\Runtime\Cache\Admin\bca5c61416bdf4e6bdb18cbc73c0edbd.php 第 105 行.
NOTIC: [8] Use of undefined constant is_index - assumed 'is_index' E:\www\lyj_php\shop\Runtime\Cache\Admin\bca5c61416bdf4e6bdb18cbc73c0edbd.php 第 106 行.
NOTIC: [8] Use of undefined constant is_index - assumed 'is_index' E:\www\lyj_php\shop\Runtime\Cache\Admin\bca5c61416bdf4e6bdb18cbc73c0edbd.php 第 105 行.
NOTIC: [8] Use of undefined constant is_index - assumed 'is_index' E:\www\lyj_php\shop\Runtime\Cache\Admin\bca5c61416bdf4e6bdb18cbc73c0edbd.php 第 106 行.
NOTIC: [8] Use of undefined constant is_index - assumed 'is_index' E:\www\lyj_php\shop\Runtime\Cache\Admin\bca5c61416bdf4e6bdb18cbc73c0edbd.php 第 105 行.
NOTIC: [8] Use of undefined constant is_index - assumed 'is_index' E:\www\lyj_php\shop\Runtime\Cache\Admin\bca5c61416bdf4e6bdb18cbc73c0edbd.php 第 106 行.
NOTIC: [8] Use of undefined constant is_index - assumed 'is_index' E:\www\lyj_php\shop\Runtime\Cache\Admin\bca5c61416bdf4e6bdb18cbc73c0edbd.php 第 105 行.
NOTIC: [8] Use of undefined constant is_index - assumed 'is_index' E:\www\lyj_php\shop\Runtime\Cache\Admin\bca5c61416bdf4e6bdb18cbc73c0edbd.php 第 106 行.
INFO: Run Behavior\ParseTemplateBehavior [ RunTime:0.021216s ]
INFO: [ view_parse ] --END-- [ RunTime:0.021321s ]
INFO: [ view_filter ] --START--
INFO: Run Behavior\WriteHtmlCacheBehavior [ RunTime:0.000583s ]
INFO: [ view_filter ] --END-- [ RunTime:0.000643s ]
INFO: [ app_end ] --START--
INFO: Run Behavior\ShowPageTraceBehavior [ RunTime:0.030322s ]
INFO: [ app_end ] --END-- [ RunTime:0.034355s ]

[ 2016-05-22T10:29:56+08:00 ] ::1 /shop/index.php/Admin/Index/nav
INFO: [ app_init ] --START--
INFO: Run Behavior\BuildLiteBehavior [ RunTime:0.000018s ]
INFO: [ app_init ] --END-- [ RunTime:0.000408s ]
INFO: [ app_begin ] --START--
INFO: Run Behavior\ReadHtmlCacheBehavior [ RunTime:0.000567s ]
INFO: [ app_begin ] --END-- [ RunTime:0.000631s ]
SQL: SHOW COLUMNS FROM `nav` [ RunTime:0.0058s ]
SQL: SELECT `name` FROM `nav` WHERE ( is_index=1 ) ORDER BY addtime desc LIMIT 8   [ RunTime:0.0005s ]
SQL: SELECT * FROM `nav` ORDER BY addtime  [ RunTime:0.0005s ]
INFO: [ view_parse ] --START--
INFO: [ template_filter ] --START--
INFO: Run Behavior\ContentReplaceBehavior [ RunTime:0.000075s ]
INFO: [ template_filter ] --END-- [ RunTime:0.000151s ]
NOTIC: [8] Use of undefined constant is_index - assumed 'is_index' E:\www\lyj_php\shop\Runtime\Cache\Admin\bca5c61416bdf4e6bdb18cbc73c0edbd.php 第 105 行.
NOTIC: [8] Use of undefined constant is_index - assumed 'is_index' E:\www\lyj_php\shop\Runtime\Cache\Admin\bca5c61416bdf4e6bdb18cbc73c0edbd.php 第 106 行.
NOTIC: [8] Use of undefined constant is_index - assumed 'is_index' E:\www\lyj_php\shop\Runtime\Cache\Admin\bca5c61416bdf4e6bdb18cbc73c0edbd.php 第 105 行.
NOTIC: [8] Use of undefined constant is_index - assumed 'is_index' E:\www\lyj_php\shop\Runtime\Cache\Admin\bca5c61416bdf4e6bdb18cbc73c0edbd.php 第 106 行.
NOTIC: [8] Use of undefined constant is_index - assumed 'is_index' E:\www\lyj_php\shop\Runtime\Cache\Admin\bca5c61416bdf4e6bdb18cbc73c0edbd.php 第 105 行.
NOTIC: [8] Use of undefined constant is_index - assumed 'is_index' E:\www\lyj_php\shop\Runtime\Cache\Admin\bca5c61416bdf4e6bdb18cbc73c0edbd.php 第 106 行.
NOTIC: [8] Use of undefined constant is_index - assumed 'is_index' E:\www\lyj_php\shop\Runtime\Cache\Admin\bca5c61416bdf4e6bdb18cbc73c0edbd.php 第 105 行.
NOTIC: [8] Use of undefined constant is_index - assumed 'is_index' E:\www\lyj_php\shop\Runtime\Cache\Admin\bca5c61416bdf4e6bdb18cbc73c0edbd.php 第 106 行.
NOTIC: [8] Use of undefined constant is_index - assumed 'is_index' E:\www\lyj_php\shop\Runtime\Cache\Admin\bca5c61416bdf4e6bdb18cbc73c0edbd.php 第 105 行.
NOTIC: [8] Use of undefined constant is_index - assumed 'is_index' E:\www\lyj_php\shop\Runtime\Cache\Admin\bca5c61416bdf4e6bdb18cbc73c0edbd.php 第 106 行.
INFO: Run Behavior\ParseTemplateBehavior [ RunTime:0.013219s ]
INFO: [ view_parse ] --END-- [ RunTime:0.013310s ]
INFO: [ view_filter ] --START--
INFO: Run Behavior\WriteHtmlCacheBehavior [ RunTime:0.000397s ]
INFO: [ view_filter ] --END-- [ RunTime:0.000451s ]
INFO: [ app_end ] --START--
INFO: Run Behavior\ShowPageTraceBehavior [ RunTime:0.002042s ]
INFO: [ app_end ] --END-- [ RunTime:0.002133s ]

